# file opened: hellorom.asm
 1    0000                DEVICE ZXSPECTRUM48
 2    0000
 3    0000                org 32000
 4    7D00 C3 10 7D       jp start
 5    7D03
 6    7D03              ROM_CLS   = $0DAF
 7    7D03              ROM_PRINT = $203C
 8    7D03              LENGTH    = 13
 9    7D03
10    7D03              string:
11    7D03 48 65 6C 6C    db "Hello, World!"
11    7D07 6F 2C 20 57
11    7D0B 6F 72 6C 64
11    7D0F 21
12    7D10
13    7D10
14    7D10              start:
15    7D10 CD AF 0D       call ROM_CLS
16    7D13 11 03 7D       ld de, string
17    7D16 01 0D 00       ld bc, LENGTH
18    7D19 CD 3C 20       call ROM_PRINT
19    7D1C C9             ret
20    7D1D
21    7D1D                SAVESNA "hellorom.sna", start
22    7D1D
# file closed: hellorom.asm
