# file opened: fast-rnd.asm
 1    0000              ; Source: https://www.z80.info/pseudo-random.txt
 2    0000
 3    0000                      org 0
 4    0000
 5    0000 00                   nop
 6    0001
 7    0001 3A 14 00             ld a, (SEED)
 8    0004 47                   ld b,a
 9    0005
10    0005 0F                   rrca ; multiply by 32
11    0006 0F                   rrca
12    0007 0F                   rrca
13    0008 EE 1F                xor $1f
14    000A
15    000A 80                   add a,b
16    000B DE FF                sbc a,255; carry
17    000D
18    000D 32 14 00             ld (SEED), a; save number as next seed
19    0010
20    0010 D3 00        OUT:    out ($00),a
21    0012 18 FC                jr OUT
22    0014
23    0014 01           SEED:   db $01 ; must be non-zero
24    0015
# file closed: fast-rnd.asm
